2025-11-08 12:08:26,937 :INFO : root : Home Page Present
2025-11-08 12:08:26,937 :WARNING : root : The current section to be found bank_statement
2025-11-08 12:08:28,064 :INFO : root : Bank Statement Section Selected
2025-11-08 12:08:35,170 :INFO : root : Clicked on the History Tab
2025-11-08 12:08:42,371 :INFO : root : First file name is showing in UI Truist Bank 604916371-April-2022.pdf and coming file name to this function Truist Bank 604916371-April-2022.pdf
2025-11-08 12:08:42,371 :INFO : root : 1st time Uploaded File is showing under History Tab
2025-11-08 12:08:42,411 :INFO : root : 1st Row Date Time is showing 11-07-2025 14:44:01
2025-11-08 12:08:42,411 :INFO : root : After Splitted Date & Time are 11-07-2025, 14:44:01
2025-11-08 12:08:42,433 :INFO : root : Uploaded File is showing under History Tab and Date is also matched
2025-11-08 12:08:42,434 :INFO : root : Uploaded File Verified and started Processing
2025-11-08 12:08:42,434 :INFO : root : Dynamic Locator Status (//div[@class='row-data'][.//div[@data-testid='Truist Bank 604916371-April-2022.pdf'] and .//div[contains(text(), '11-07-2025 14:44:01')]]//div[@aria-label='status'])
2025-11-08 12:08:42,434 :INFO : root : Dynamic Locator Download (//div[@class='row-data'][.//div[@data-testid='Truist Bank 604916371-April-2022.pdf'] and .//div[contains(text(), '11-07-2025 14:44:01')]]//div[@aria-label='download'])
2025-11-08 12:08:42,434 :INFO : root : Dynamic Locator Preview (//div[@class='row-data'][.//div[@data-testid='Truist Bank 604916371-April-2022.pdf'] and .//div[contains(text(), '11-07-2025 14:44:01')]]//div[@aria-label='preview'])
2025-11-08 12:08:44,518 :INFO : root : File Status is completed
2025-11-08 12:08:44,534 :INFO : root : File Download Status is download-enabled
2025-11-08 12:08:44,543 :INFO : root : File Preview Status is preview-enabled
2025-11-08 12:08:44,543 :INFO : root : File Processing Completed, Status is now Enabled
2025-11-08 12:08:44,543 :INFO : root : File Processing Completed, Download button is now Enabled
2025-11-08 12:08:44,543 :INFO : root : File Processing Completed, Preview button is now Enabled
2025-11-08 12:08:58,232 :INFO : root : Download initiated successfully, URL: blob:https://dev.example.ai/2d523f3e-12a0-4d89-8642-e351719db0e2
2025-11-08 12:08:58,232 :INFO : root : Suggested filename: Truist Bank 604916371-April-2022.zip
2025-11-08 12:08:58,738 :INFO : root : Output Downloaded Successfully to: D:\Automation Project\Test_Env\example_qa_playwright\download_output_file\bank_statement\Truist Bank 604916371-April-2022.zip
2025-11-08 12:09:02,222 :INFO : root : User Logged out Successfully
